<?xml version="1.0" encoding="UTF-8"?>
<!-- Generated by org.testng.reporters.JUnitReportReporter -->
<testsuite skipped="0" hostname="DXCINDAI683957" name="mavenexample.Mavensampletest" tests="1" failures="0" timestamp="21 Feb 2019 07:19:29 GMT" time="28.896" errors="0">
  <testcase name="openURL" time="28.896" classname="mavenexample.Mavensampletest"/>
</testsuite> <!-- mavenexample.Mavensampletest -->
