<?xml version="1.0" encoding="UTF-8"?>
<!-- Generated by org.testng.reporters.JUnitReportReporter -->
<testsuite skipped="0" hostname="DXCINDAI683957" name="mavenexample.example" tests="1" failures="0" timestamp="03 Apr 2019 06:32:14 GMT" time="19.987" errors="0">
  <testcase name="openURL" time="19.987" classname="mavenexample.example"/>
</testsuite> <!-- mavenexample.example -->
